
=== Fri Nov 22 11:12:33 2019

Packages were changed.
Update Mode: mergeDefaultDependencies

The following packages were updated:
  com.unity.analytics from version 3.2.2 to 3.3.2
  com.unity.collab-proxy from version 1.2.9 to 1.2.16
  com.unity.package-manager-ui from version 2.1.1 to 2.1.2
  com.unity.purchasing from version 2.0.1 to 2.0.6
  com.unity.textmeshpro from version 1.3.0 to 2.0.1
  com.unity.timeline from version 0.0.0-builtin to 1.0.0

=== Thu Jan  2 10:48:24 2020

Packages were changed.
Update Mode: updateDependencies

The following packages were added:
  com.unity.2d.tilemap@1.0.0
  com.unity.test-framework@1.1.3
  com.unity.2d.sprite@1.0.0
  com.unity.ide.vscode@1.1.3
  com.unity.ide.rider@1.1.4
  com.unity.ugui@1.0.0
  com.unity.modules.androidjni@1.0.0
The following packages were updated:
  com.unity.timeline from version 1.0.0 to 1.2.6
The following packages were removed:
  com.unity.package-manager-ui@2.1.2

=== Thu Jan 30 12:06:51 2020

Packages were changed.
Update Mode: updateDependencies

The following packages were updated:
  com.unity.analytics from version 3.3.2 to 3.3.5
  com.unity.ide.vscode from version 1.1.3 to 1.1.4
  com.unity.test-framework from version 1.1.3 to 1.1.9
  com.unity.timeline from version 1.2.6 to 1.2.10

=== Fri Apr  3 12:16:08 2020

Packages were changed.
Update Mode: updateDependencies

The following packages were added:
  com.unity.ide.visualstudio@2.0.0
The following packages were updated:
  com.unity.ads from version 2.0.8 to 3.4.4
  com.unity.collab-proxy from version 1.2.16 to 1.3.7
  com.unity.ide.rider from version 1.1.4 to 1.2.1
  com.unity.test-framework from version 1.1.9 to 1.1.13
  com.unity.textmeshpro from version 2.0.1 to 3.0.0-preview.1

=== Tue May 12 13:58:18 2020

Packages were changed.
Update Mode: updateDependencies

The following packages were updated:
  com.unity.ide.visualstudio from version 2.0.0 to 2.0.1
  com.unity.ide.vscode from version 1.1.4 to 1.2.0

=== Sun Jun 28 21:33:15 2020

Packages were changed.
Update Mode: updateDependencies

The following packages were updated:
  com.unity.ads from version 3.4.4 to 3.4.5
  com.unity.ide.vscode from version 1.2.0 to 1.2.1
  com.unity.test-framework from version 1.1.13 to 1.1.14

=== Tue Jul 14 09:08:47 2020

Packages were changed.
Update Mode: updateDependencies

The following packages were updated:
  com.unity.ads from version 3.4.5 to 3.4.7
  com.unity.collab-proxy from version 1.3.7 to 1.3.8
  com.unity.ide.visualstudio from version 2.0.1 to 2.0.2

=== Fri Jul  9 13:39:23 2021

Packages were changed.
Update Mode: updateDependencies

The following packages were updated:
  com.unity.2d.pixel-perfect from version 3.0.2 to 4.0.1
  com.unity.ads from version 3.4.7 to 3.7.1
  com.unity.analytics from version 3.3.5 to 3.5.3
  com.unity.collab-proxy from version 1.3.8 to 1.5.7
  com.unity.ide.rider from version 1.2.1 to 2.0.7
  com.unity.ide.visualstudio from version 2.0.2 to 2.0.9
  com.unity.purchasing from version 2.0.6 to 3.2.2
  com.unity.render-pipelines.universal from version 8.2.0 to 10.5.0
  com.unity.test-framework from version 1.1.14 to 1.1.26
  com.unity.textmeshpro from version 3.0.0-preview.1 to 3.0.6
  com.unity.timeline from version 1.2.10 to 1.4.8

=== Mon Aug 16 10:18:19 2021

Packages were changed.
Update Mode: updateDependencies

The following packages were updated:
  com.unity.collab-proxy from version 1.5.7 to 1.7.1
  com.unity.ide.visualstudio from version 2.0.9 to 2.0.11
  com.unity.render-pipelines.universal from version 10.5.0 to 10.5.1
  com.unity.test-framework from version 1.1.26 to 1.1.27

=== Mon Feb 27 20:11:08 2023

Packages were changed.
Update Mode: updateDependencies

The following packages were updated:
  com.unity.2d.pixel-perfect from version 4.0.1 to 5.0.3
  com.unity.ads from version 3.7.1 to 3.7.5
  com.unity.analytics from version 3.5.3 to 3.6.12
  com.unity.collab-proxy from version 1.7.1 to 2.0.0
  com.unity.ide.rider from version 2.0.7 to 3.0.18
  com.unity.ide.visualstudio from version 2.0.11 to 2.0.17
  com.unity.ide.vscode from version 1.2.3 to 1.2.5
  com.unity.purchasing from version 3.2.2 to 4.5.2
  com.unity.render-pipelines.universal from version 10.5.1 to 12.1.10
  com.unity.test-framework from version 1.1.27 to 1.1.31
  com.unity.timeline from version 1.4.8 to 1.6.4
The following packages were removed:
  com.unity.device-simulator@3.0.3-preview
  com.unity.quicksearch@2.0.2
